[debug] [2021-01-06T16:39:52.343Z] ----------------------------------------------------------------------
[debug] [2021-01-06T16:39:52.346Z] Command:       /usr/bin/node /usr/local/bin/firebase emulators:start
[debug] [2021-01-06T16:39:52.347Z] CLI Version:   9.0.1
[debug] [2021-01-06T16:39:52.347Z] Platform:      linux
[debug] [2021-01-06T16:39:52.347Z] Node Version:  v10.19.0
[debug] [2021-01-06T16:39:52.349Z] Time:          Wed Jan 06 2021 11:39:52 GMT-0500 (Eastern Standard Time)
[debug] [2021-01-06T16:39:52.349Z] ----------------------------------------------------------------------
[debug] [2021-01-06T16:39:52.349Z] 
[debug] [2021-01-06T16:39:52.367Z] > command requires scopes: ["email","openid","https://www.googleapis.com/auth/cloudplatformprojects.readonly","https://www.googleapis.com/auth/firebase","https://www.googleapis.com/auth/cloud-platform"]
[debug] [2021-01-06T16:39:52.369Z] > authorizing via signed-in user
[info] i  emulators: Starting emulators: functions, hosting {"metadata":{"emulator":{"name":"hub"},"message":"Starting emulators: functions, hosting"}}
[warn] ⚠  emulators: It seems that you are running multiple instances of the emulator suite for project amzn-cln-ed1f8. This may result in unexpected behavior. 
[debug] [2021-01-06T16:39:52.422Z] [hub] writing locator at /tmp/hub-amzn-cln-ed1f8.json
[warn] ⚠  functions: The following emulators are not running, calls to these services from the Functions emulator will affect production: auth, firestore, database, pubsub {"metadata":{"emulator":{"name":"functions"},"message":"The following emulators are not running, calls to these services from the Functions emulator will affect production: \u001b[1mauth, firestore, database, pubsub\u001b[22m"}}
[warn] ⚠  Your requested "node" version "12" doesn't match your global version "10" {"metadata":{"emulator":{"name":"functions"},"message":"Your requested \"node\" version \"12\" doesn't match your global version \"10\""}}
[debug] [2021-01-06T16:39:52.503Z] defaultcredentials: writing to file /home/myron/.config/firebase/myronbyrnes_gmail_com_application_default_credentials.json
[debug] [2021-01-06T16:39:52.517Z] Setting GAC to /home/myron/.config/firebase/myronbyrnes_gmail_com_application_default_credentials.json {"metadata":{"emulator":{"name":"functions"},"message":"Setting GAC to /home/myron/.config/firebase/myronbyrnes_gmail_com_application_default_credentials.json"}}
[debug] [2021-01-06T16:39:52.598Z] > refreshing access token with scopes: ["email","https://www.googleapis.com/auth/cloud-platform","https://www.googleapis.com/auth/cloudplatformprojects.readonly","https://www.googleapis.com/auth/firebase","openid"]
[debug] [2021-01-06T16:39:52.598Z] >>> HTTP REQUEST POST https://www.googleapis.com/oauth2/v3/token  
 <request body omitted>
[debug] [2021-01-06T16:39:52.831Z] <<< HTTP RESPONSE 200 {"expires":"Mon, 01 Jan 1990 00:00:00 GMT","pragma":"no-cache","cache-control":"no-cache, no-store, max-age=0, must-revalidate","date":"Wed, 06 Jan 2021 16:39:52 GMT","content-type":"application/json; charset=utf-8","vary":"X-Origin, Referer, Origin,Accept-Encoding","server":"scaffolding on HTTPServer2","x-xss-protection":"0","x-frame-options":"SAMEORIGIN","x-content-type-options":"nosniff","alt-svc":"h3-29=\":443\"; ma=2592000,h3-T051=\":443\"; ma=2592000,h3-Q050=\":443\"; ma=2592000,h3-Q046=\":443\"; ma=2592000,h3-Q043=\":443\"; ma=2592000,quic=\":443\"; ma=2592000; v=\"46,43\"","accept-ranges":"none","transfer-encoding":"chunked"}
[debug] [2021-01-06T16:39:52.844Z] >>> HTTP REQUEST GET https://firebase.googleapis.com/v1beta1/projects/amzn-cln-ed1f8/webApps/-/config  
 
[debug] [2021-01-06T16:39:53.193Z] <<< HTTP RESPONSE 200 {"content-type":"application/json; charset=UTF-8","vary":"X-Origin, Referer, Origin,Accept-Encoding","date":"Wed, 06 Jan 2021 16:39:52 GMT","server":"ESF","cache-control":"private","x-xss-protection":"0","x-frame-options":"SAMEORIGIN","x-content-type-options":"nosniff","alt-svc":"h3-29=\":443\"; ma=2592000,h3-T051=\":443\"; ma=2592000,h3-Q050=\":443\"; ma=2592000,h3-Q046=\":443\"; ma=2592000,h3-Q043=\":443\"; ma=2592000,quic=\":443\"; ma=2592000; v=\"46,43\"","accept-ranges":"none","transfer-encoding":"chunked"}
[info] i  hosting: Serving hosting files from: build {"metadata":{"emulator":{"name":"hosting"},"message":"Serving hosting files from: \u001b[1mbuild\u001b[22m"}}
[info] ✔  hosting: Local server: http://127.0.0.1:5000 {"metadata":{"emulator":{"name":"hosting"},"message":"Local server: \u001b[4m\u001b[1mhttp://127.0.0.1:5000\u001b[22m\u001b[24m"}}
[debug] [2021-01-06T16:39:56.589Z] Ignoring unsupported arg: auto_download {"metadata":{"emulator":{"name":"ui"},"message":"Ignoring unsupported arg: auto_download"}}
[debug] [2021-01-06T16:39:56.589Z] Ignoring unsupported arg: port {"metadata":{"emulator":{"name":"ui"},"message":"Ignoring unsupported arg: port"}}
[debug] [2021-01-06T16:39:56.590Z] Starting Emulator UI with command {"binary":"node","args":["/home/myron/.cache/firebase/emulators/ui-v1.4.0/server.bundle.js"],"optionalArgs":[],"joinArgs":false} {"metadata":{"emulator":{"name":"ui"},"message":"Starting Emulator UI with command {\"binary\":\"node\",\"args\":[\"/home/myron/.cache/firebase/emulators/ui-v1.4.0/server.bundle.js\"],\"optionalArgs\":[],\"joinArgs\":false}"}}
[info] i  ui: Emulator UI logging to ui-debug.log {"metadata":{"emulator":{"name":"ui"},"message":"Emulator UI logging to \u001b[1mui-debug.log\u001b[22m"}}
[debug] [2021-01-06T16:39:57.766Z] Web / API server started at http://127.0.0.1:4000
 {"metadata":{"emulator":{"name":"ui"},"message":"Web / API server started at http://127.0.0.1:4000\n"}}
[info] i  functions: Watching "/mnt/c/Users/myron/desktop/developer/amazon-cln/functions" for Cloud Functions... {"metadata":{"emulator":{"name":"functions"},"message":"Watching \"/mnt/c/Users/myron/desktop/developer/amazon-cln/functions\" for Cloud Functions..."}}
[debug] [2021-01-06T16:39:58.013Z] [worker-pool] addWorker(~diagnostic~) {"metadata":{"emulator":{"name":"functions"},"message":"[worker-pool] addWorker(~diagnostic~)"}}
[debug] [2021-01-06T16:39:58.015Z] [worker-pool] Adding worker with key ~diagnostic~, total=1 {"metadata":{"emulator":{"name":"functions"},"message":"[worker-pool] Adding worker with key ~diagnostic~, total=1"}}
[debug] [2021-01-06T16:39:58.016Z] [worker-pool] submitWork(triggerId=) {"metadata":{"emulator":{"name":"functions"},"message":"[worker-pool] submitWork(triggerId=)"}}
[debug] [2021-01-06T16:39:58.016Z] [worker-~diagnostic~-ed3c5a7e-2b5e-4ad2-973e-ad687cc9e2ba]: Assigning socketPath: /tmp/fire_emu_377.sock {"metadata":{"emulator":{"name":"functions"},"message":"[worker-~diagnostic~-ed3c5a7e-2b5e-4ad2-973e-ad687cc9e2ba]: Assigning socketPath: /tmp/fire_emu_377.sock"}}
[debug] [2021-01-06T16:39:58.017Z] [worker-~diagnostic~-ed3c5a7e-2b5e-4ad2-973e-ad687cc9e2ba]: BUSY {"metadata":{"emulator":{"name":"functions"},"message":"[worker-~diagnostic~-ed3c5a7e-2b5e-4ad2-973e-ad687cc9e2ba]: BUSY"}}
[debug] [2021-01-06T16:39:59.233Z] [runtime-status] [377] Functions runtime initialized. {"cwd":"/mnt/c/Users/myron/desktop/developer/amazon-cln/functions","node_version":"10.19.0"} {"metadata":{"emulator":{"name":"functions"},"message":"[runtime-status] [377] Functions runtime initialized. {\"cwd\":\"/mnt/c/Users/myron/desktop/developer/amazon-cln/functions\",\"node_version\":\"10.19.0\"}"}}
[debug] [2021-01-06T16:39:59.236Z] [runtime-status] [377] Disabled runtime features: undefined {"metadata":{"emulator":{"name":"functions"},"message":"[runtime-status] [377] Disabled runtime features: undefined"}}
[debug] [2021-01-06T16:39:59.246Z] [runtime-status] [377] Resolved module firebase-admin {"declared":true,"installed":true,"version":"9.4.2","resolution":"/mnt/c/Users/myron/desktop/developer/amazon-cln/functions/node_modules/firebase-admin/lib/index.js"} {"metadata":{"emulator":{"name":"functions"},"message":"[runtime-status] [377] Resolved module firebase-admin {\"declared\":true,\"installed\":true,\"version\":\"9.4.2\",\"resolution\":\"/mnt/c/Users/myron/desktop/developer/amazon-cln/functions/node_modules/firebase-admin/lib/index.js\"}"}}
[debug] [2021-01-06T16:39:59.250Z] [runtime-status] [377] Resolved module firebase-functions {"declared":true,"installed":true,"version":"3.13.0","resolution":"/mnt/c/Users/myron/desktop/developer/amazon-cln/functions/node_modules/firebase-functions/lib/index.js"} {"metadata":{"emulator":{"name":"functions"},"message":"[runtime-status] [377] Resolved module firebase-functions {\"declared\":true,\"installed\":true,\"version\":\"3.13.0\",\"resolution\":\"/mnt/c/Users/myron/desktop/developer/amazon-cln/functions/node_modules/firebase-functions/lib/index.js\"}"}}
[debug] [2021-01-06T16:39:59.252Z] [runtime-status] [377] Resolved module firebase-functions {"declared":true,"installed":true,"version":"3.13.0","resolution":"/mnt/c/Users/myron/desktop/developer/amazon-cln/functions/node_modules/firebase-functions/lib/index.js"} {"metadata":{"emulator":{"name":"functions"},"message":"[runtime-status] [377] Resolved module firebase-functions {\"declared\":true,\"installed\":true,\"version\":\"3.13.0\",\"resolution\":\"/mnt/c/Users/myron/desktop/developer/amazon-cln/functions/node_modules/firebase-functions/lib/index.js\"}"}}
[debug] [2021-01-06T16:39:59.260Z] [runtime-status] [377] Outgoing network have been stubbed. [{"name":"http","status":"mocked"},{"name":"http","status":"mocked"},{"name":"https","status":"mocked"},{"name":"https","status":"mocked"},{"name":"net","status":"mocked"}] {"metadata":{"emulator":{"name":"functions"},"message":"[runtime-status] [377] Outgoing network have been stubbed. [{\"name\":\"http\",\"status\":\"mocked\"},{\"name\":\"http\",\"status\":\"mocked\"},{\"name\":\"https\",\"status\":\"mocked\"},{\"name\":\"https\",\"status\":\"mocked\"},{\"name\":\"net\",\"status\":\"mocked\"}]"}}
[debug] [2021-01-06T16:39:59.262Z] [runtime-status] [377] Resolved module firebase-functions {"declared":true,"installed":true,"version":"3.13.0","resolution":"/mnt/c/Users/myron/desktop/developer/amazon-cln/functions/node_modules/firebase-functions/lib/index.js"} {"metadata":{"emulator":{"name":"functions"},"message":"[runtime-status] [377] Resolved module firebase-functions {\"declared\":true,\"installed\":true,\"version\":\"3.13.0\",\"resolution\":\"/mnt/c/Users/myron/desktop/developer/amazon-cln/functions/node_modules/firebase-functions/lib/index.js\"}"}}
[debug] [2021-01-06T16:39:59.432Z] [runtime-status] [377] Checked functions.config() {"config":{}} {"metadata":{"emulator":{"name":"functions"},"message":"[runtime-status] [377] Checked functions.config() {\"config\":{}}"}}
[debug] [2021-01-06T16:39:59.433Z] [runtime-status] [377] firebase-functions has been stubbed. {"functionsResolution":{"declared":true,"installed":true,"version":"3.13.0","resolution":"/mnt/c/Users/myron/desktop/developer/amazon-cln/functions/node_modules/firebase-functions/lib/index.js"}} {"metadata":{"emulator":{"name":"functions"},"message":"[runtime-status] [377] firebase-functions has been stubbed. {\"functionsResolution\":{\"declared\":true,\"installed\":true,\"version\":\"3.13.0\",\"resolution\":\"/mnt/c/Users/myron/desktop/developer/amazon-cln/functions/node_modules/firebase-functions/lib/index.js\"}}"}}
[debug] [2021-01-06T16:39:59.435Z] [runtime-status] [377] Resolved module firebase-functions {"declared":true,"installed":true,"version":"3.13.0","resolution":"/mnt/c/Users/myron/desktop/developer/amazon-cln/functions/node_modules/firebase-functions/lib/index.js"} {"metadata":{"emulator":{"name":"functions"},"message":"[runtime-status] [377] Resolved module firebase-functions {\"declared\":true,\"installed\":true,\"version\":\"3.13.0\",\"resolution\":\"/mnt/c/Users/myron/desktop/developer/amazon-cln/functions/node_modules/firebase-functions/lib/index.js\"}"}}
[debug] [2021-01-06T16:39:59.439Z] [runtime-status] [377] Resolved module firebase-admin {"declared":true,"installed":true,"version":"9.4.2","resolution":"/mnt/c/Users/myron/desktop/developer/amazon-cln/functions/node_modules/firebase-admin/lib/index.js"} {"metadata":{"emulator":{"name":"functions"},"message":"[runtime-status] [377] Resolved module firebase-admin {\"declared\":true,\"installed\":true,\"version\":\"9.4.2\",\"resolution\":\"/mnt/c/Users/myron/desktop/developer/amazon-cln/functions/node_modules/firebase-admin/lib/index.js\"}"}}
[debug] [2021-01-06T16:39:59.440Z] [runtime-status] [377] Resolved module firebase-functions {"declared":true,"installed":true,"version":"3.13.0","resolution":"/mnt/c/Users/myron/desktop/developer/amazon-cln/functions/node_modules/firebase-functions/lib/index.js"} {"metadata":{"emulator":{"name":"functions"},"message":"[runtime-status] [377] Resolved module firebase-functions {\"declared\":true,\"installed\":true,\"version\":\"3.13.0\",\"resolution\":\"/mnt/c/Users/myron/desktop/developer/amazon-cln/functions/node_modules/firebase-functions/lib/index.js\"}"}}
[debug] [2021-01-06T16:39:59.441Z] [runtime-status] [377] firebase-admin has been stubbed. {"adminResolution":{"declared":true,"installed":true,"version":"9.4.2","resolution":"/mnt/c/Users/myron/desktop/developer/amazon-cln/functions/node_modules/firebase-admin/lib/index.js"}} {"metadata":{"emulator":{"name":"functions"},"message":"[runtime-status] [377] firebase-admin has been stubbed. {\"adminResolution\":{\"declared\":true,\"installed\":true,\"version\":\"9.4.2\",\"resolution\":\"/mnt/c/Users/myron/desktop/developer/amazon-cln/functions/node_modules/firebase-admin/lib/index.js\"}}"}}
[debug] [2021-01-06T16:39:59.988Z] [worker-~diagnostic~-ed3c5a7e-2b5e-4ad2-973e-ad687cc9e2ba]: IDLE {"metadata":{"emulator":{"name":"functions"},"message":"[worker-~diagnostic~-ed3c5a7e-2b5e-4ad2-973e-ad687cc9e2ba]: IDLE"}}
[info] ✔  functions[api]: http function initialized (http://127.0.0.1:5001/amzn-cln-ed1f8/us-central1/api). {"metadata":{"emulator":{"name":"functions"},"message":"\u001b[1mhttp\u001b[22m function initialized (http://127.0.0.1:5001/amzn-cln-ed1f8/us-central1/api)."}}
[info] 
┌─────────────────────────────────────────────────────────────┐
│ ✔  All emulators ready! It is now safe to connect your app. │
│ i  View Emulator UI at http://127.0.0.1:4000                │
└─────────────────────────────────────────────────────────────┘

┌───────────┬────────────────┬─────────────────────────────────┐
│ Emulator  │ Host:Port      │ View in Emulator UI             │
├───────────┼────────────────┼─────────────────────────────────┤
│ Functions │ 127.0.0.1:5001 │ http://127.0.0.1:4000/functions │
├───────────┼────────────────┼─────────────────────────────────┤
│ Hosting   │ 127.0.0.1:5000 │ n/a                             │
└───────────┴────────────────┴─────────────────────────────────┘
  Emulator Hub running at 127.0.0.1:4400
  Other reserved ports: 4500

Issues? Report them at https://github.com/firebase/firebase-tools/issues and attach the *-debug.log files.
 
