[debug] [2020-12-27T22:32:16.519Z] ----------------------------------------------------------------------
[debug] [2020-12-27T22:32:16.522Z] Command:       /usr/bin/node /usr/local/bin/firebase init
[debug] [2020-12-27T22:32:16.523Z] CLI Version:   9.0.1
[debug] [2020-12-27T22:32:16.523Z] Platform:      linux
[debug] [2020-12-27T22:32:16.523Z] Node Version:  v10.19.0
[debug] [2020-12-27T22:32:16.524Z] Time:          Sun Dec 27 2020 17:32:16 GMT-0500 (Eastern Standard Time)
[debug] [2020-12-27T22:32:16.524Z] ----------------------------------------------------------------------
[debug] [2020-12-27T22:32:16.524Z] 
[debug] [2020-12-27T22:32:16.527Z] >>> [apiv2][query] GET https://firebase-public.firebaseio.com/cli.json [none]
[debug] [2020-12-27T22:32:16.560Z] > command requires scopes: ["email","openid","https://www.googleapis.com/auth/cloudplatformprojects.readonly","https://www.googleapis.com/auth/firebase","https://www.googleapis.com/auth/cloud-platform"]
[debug] [2020-12-27T22:32:16.561Z] > authorizing via signed-in user
[info] 
     ######## #### ########  ######## ########     ###     ######  ########
     ##        ##  ##     ## ##       ##     ##  ##   ##  ##       ##
     ######    ##  ########  ######   ########  #########  ######  ######
     ##        ##  ##    ##  ##       ##     ## ##     ##       ## ##
     ##       #### ##     ## ######## ########  ##     ##  ######  ########

You're about to initialize a Firebase project in this directory:

  /mnt/c/Users/myron/desktop/developer/amazon-cln

Before we get started, keep in mind:

  * You are currently outside your home directory

[debug] [2020-12-27T22:32:16.911Z] <<< [apiv2][status] GET https://firebase-public.firebaseio.com/cli.json 200
[debug] [2020-12-27T22:32:16.912Z] <<< [apiv2][body] GET https://firebase-public.firebaseio.com/cli.json {"cloudBuildErrorAfter":1594252800000,"cloudBuildWarnAfter":1590019200000,"defaultNode10After":1594252800000,"minVersion":"3.0.5","node8DeploysDisabledAfter":1613390400000,"node8RuntimeDisabledAfter":1615809600000,"node8WarnAfter":1600128000000}
